  Determinando los proyectos que se van a restaurar...
  Todos los proyectos est├ín actualizados para la restauraci├│n.
C:\temp\MVP\documento-ia-clasificacion-mvp\src\backend\DocumentIA.Data\Repositories\CatalogoTdnRepository.cs(26,17): warning CS8604: Posible argumento de referencia nulo para el par├ímetro "Descripcion" en "TdnCatalogItem.TdnCatalogItem(string Codigo, string Nombre, string Descripcion)". [C:\temp\MVP\documento-ia-clasificacion-mvp\src\backend\DocumentIA.Data\DocumentIA.Data.csproj]
C:\temp\MVP\documento-ia-clasificacion-mvp\src\backend\DocumentIA.Data\Repositories\CatalogoTdnRepository.cs(47,17): warning CS8604: Posible argumento de referencia nulo para el par├ímetro "Descripcion" en "TdnCatalogItem.TdnCatalogItem(string Codigo, string Nombre, string Descripcion)". [C:\temp\MVP\documento-ia-clasificacion-mvp\src\backend\DocumentIA.Data\DocumentIA.Data.csproj]
  DocumentIA.Data -> C:\temp\MVP\documento-ia-clasificacion-mvp\src\backend\DocumentIA.Data\bin\Debug\net8.0\DocumentIA.Data.dll
C:\temp\MVP\documento-ia-clasificacion-mvp\src\backend\DocumentIA.Core\Mappers\TipologiaMapper.cs(54,12): warning CS0618: 'TipologiaResponseDtoLegacy' est├í obsoleto: 'DEPRECATED: Use TipologiaResponseDto en su lugar. Legacy support solo en endpoints espec├¡ficos.' [C:\temp\MVP\documento-ia-clasificacion-mvp\src\backend\DocumentIA.Core\DocumentIA.Core.csproj]
C:\temp\MVP\documento-ia-clasificacion-mvp\src\backend\DocumentIA.Core\Mappers\TipologiaMapper.cs(64,16): warning CS0618: 'TipologiaResponseDtoLegacy' est├í obsoleto: 'DEPRECATED: Use TipologiaResponseDto en su lugar. Legacy support solo en endpoints espec├¡ficos.' [C:\temp\MVP\documento-ia-clasificacion-mvp\src\backend\DocumentIA.Core\DocumentIA.Core.csproj]
C:\temp\MVP\documento-ia-clasificacion-mvp\src\backend\DocumentIA.Core\Mappers\TipologiaMapper.cs(93,44): warning CS0618: 'TipologiaRequestDto.PromptGPT' est├í obsoleto: 'Incluir en ConfiguracionJson.PromptConfig' [C:\temp\MVP\documento-ia-clasificacion-mvp\src\backend\DocumentIA.Core\DocumentIA.Core.csproj]
C:\temp\MVP\documento-ia-clasificacion-mvp\src\backend\DocumentIA.Core\Mappers\TipologiaMapper.cs(94,44): warning CS0618: 'TipologiaRequestDto.ModeloClasificacionDI' est├í obsoleto: 'Incluir en ConfiguracionJson.Classification' [C:\temp\MVP\documento-ia-clasificacion-mvp\src\backend\DocumentIA.Core\DocumentIA.Core.csproj]
C:\temp\MVP\documento-ia-clasificacion-mvp\src\backend\DocumentIA.Core\Mappers\TipologiaMapper.cs(95,44): warning CS0618: 'TipologiaRequestDto.ModeloExtraccionDI' est├í obsoleto: 'Incluir en ConfiguracionJson.Extraction' [C:\temp\MVP\documento-ia-clasificacion-mvp\src\backend\DocumentIA.Core\DocumentIA.Core.csproj]
C:\temp\MVP\documento-ia-clasificacion-mvp\src\backend\DocumentIA.Core\Mappers\TipologiaMapper.cs(96,18): warning CS0618: 'TipologiaRequestDto.UmbralClasificacion' est├í obsoleto: 'Incluir en ConfiguracionJson.ClassificationPolicy' [C:\temp\MVP\documento-ia-clasificacion-mvp\src\backend\DocumentIA.Core\DocumentIA.Core.csproj]
C:\temp\MVP\documento-ia-clasificacion-mvp\src\backend\DocumentIA.Core\Mappers\TipologiaMapper.cs(96,58): warning CS0618: 'TipologiaRequestDto.UmbralClasificacion' est├í obsoleto: 'Incluir en ConfiguracionJson.ClassificationPolicy' [C:\temp\MVP\documento-ia-clasificacion-mvp\src\backend\DocumentIA.Core\DocumentIA.Core.csproj]
C:\temp\MVP\documento-ia-clasificacion-mvp\src\backend\DocumentIA.Core\Mappers\TipologiaMapper.cs(97,18): warning CS0618: 'TipologiaRequestDto.UmbralExtraccion' est├í obsoleto: 'Incluir en ConfiguracionJson.Extraction' [C:\temp\MVP\documento-ia-clasificacion-mvp\src\backend\DocumentIA.Core\DocumentIA.Core.csproj]
C:\temp\MVP\documento-ia-clasificacion-mvp\src\backend\DocumentIA.Core\Mappers\TipologiaMapper.cs(97,55): warning CS0618: 'TipologiaRequestDto.UmbralExtraccion' est├í obsoleto: 'Incluir en ConfiguracionJson.Extraction' [C:\temp\MVP\documento-ia-clasificacion-mvp\src\backend\DocumentIA.Core\DocumentIA.Core.csproj]
C:\temp\MVP\documento-ia-clasificacion-mvp\src\backend\DocumentIA.Core\Mappers\TipologiaMapper.cs(108,45): warning CS0618: 'TipologiaRequestDto.PromptGPT' est├í obsoleto: 'Incluir en ConfiguracionJson.PromptConfig' [C:\temp\MVP\documento-ia-clasificacion-mvp\src\backend\DocumentIA.Core\DocumentIA.Core.csproj]
C:\temp\MVP\documento-ia-clasificacion-mvp\src\backend\DocumentIA.Core\Mappers\TipologiaMapper.cs(109,45): warning CS0618: 'TipologiaRequestDto.ModeloClasificacionDI' est├í obsoleto: 'Incluir en ConfiguracionJson.Classification' [C:\temp\MVP\documento-ia-clasificacion-mvp\src\backend\DocumentIA.Core\DocumentIA.Core.csproj]
C:\temp\MVP\documento-ia-clasificacion-mvp\src\backend\DocumentIA.Core\Mappers\TipologiaMapper.cs(110,45): warning CS0618: 'TipologiaRequestDto.ModeloExtraccionDI' est├í obsoleto: 'Incluir en ConfiguracionJson.Extraction' [C:\temp\MVP\documento-ia-clasificacion-mvp\src\backend\DocumentIA.Core\DocumentIA.Core.csproj]
C:\temp\MVP\documento-ia-clasificacion-mvp\src\backend\DocumentIA.Core\Services\TipologiaConfigurationCache.cs(152,16): warning CS8619: La nulabilidad de los tipos de referencia en el valor de tipo "List<(TipologiaEntity Entity, TipologiaValidationConfig Config)>" no coincide con el tipo de destino "List<(TipologiaEntity Entity, TipologiaValidationConfig? Config)>". [C:\temp\MVP\documento-ia-clasificacion-mvp\src\backend\DocumentIA.Core\DocumentIA.Core.csproj]
C:\temp\MVP\documento-ia-clasificacion-mvp\src\backend\DocumentIA.Core\Configuration\TipologiaValidationConfig.cs(81,65): warning CS0618: 'TipologiaValidationConfig.SkipGDCUpload' est├í obsoleto: 'Use Gdc.SkipUpload' [C:\temp\MVP\documento-ia-clasificacion-mvp\src\backend\DocumentIA.Core\DocumentIA.Core.csproj]
C:\temp\MVP\documento-ia-clasificacion-mvp\src\backend\DocumentIA.Core\Configuration\TipologiaValidationConfig.cs(83,62): warning CS0618: 'TipologiaValidationConfig.TipologiaMGDCMatricula' est├í obsoleto: 'Use Gdc.Matricula' [C:\temp\MVP\documento-ia-clasificacion-mvp\src\backend\DocumentIA.Core\DocumentIA.Core.csproj]
C:\temp\MVP\documento-ia-clasificacion-mvp\src\backend\DocumentIA.Core\Configuration\TipologiaValidationConfig.cs(85,64): warning CS0618: 'TipologiaValidationConfig.GdcTipoDocumento' est├í obsoleto: 'Use Gdc.TipoDocumento' [C:\temp\MVP\documento-ia-clasificacion-mvp\src\backend\DocumentIA.Core\DocumentIA.Core.csproj]
C:\temp\MVP\documento-ia-clasificacion-mvp\src\backend\DocumentIA.Core\Configuration\TipologiaValidationConfig.cs(87,70): warning CS0618: 'TipologiaValidationConfig.GdcSubtipoDocumento' est├í obsoleto: 'Use Gdc.SubtipoDocumento' [C:\temp\MVP\documento-ia-clasificacion-mvp\src\backend\DocumentIA.Core\DocumentIA.Core.csproj]
C:\temp\MVP\documento-ia-clasificacion-mvp\src\backend\DocumentIA.Core\Configuration\TipologiaValidationConfig.cs(89,57): warning CS0618: 'TipologiaValidationConfig.GdcSerie' est├í obsoleto: 'Use Gdc.Serie' [C:\temp\MVP\documento-ia-clasificacion-mvp\src\backend\DocumentIA.Core\DocumentIA.Core.csproj]
C:\temp\MVP\documento-ia-clasificacion-mvp\src\backend\DocumentIA.Core\Configuration\TipologiaValidationConfig.cs(91,63): warning CS0618: 'TipologiaValidationConfig.Tdn1' est├í obsoleto: 'Use Classification.Tdn1' [C:\temp\MVP\documento-ia-clasificacion-mvp\src\backend\DocumentIA.Core\DocumentIA.Core.csproj]
C:\temp\MVP\documento-ia-clasificacion-mvp\src\backend\DocumentIA.Core\Configuration\TipologiaValidationConfig.cs(93,63): warning CS0618: 'TipologiaValidationConfig.Tdn2' est├í obsoleto: 'Use Classification.Tdn2' [C:\temp\MVP\documento-ia-clasificacion-mvp\src\backend\DocumentIA.Core\DocumentIA.Core.csproj]
C:\temp\MVP\documento-ia-clasificacion-mvp\src\backend\DocumentIA.Core\Configuration\TipologiaValidationConfig.cs(95,83): warning CS0618: 'TipologiaValidationConfig.GptDescripcion' est├í obsoleto: 'Use Classification.GptDescripcion' [C:\temp\MVP\documento-ia-clasificacion-mvp\src\backend\DocumentIA.Core\DocumentIA.Core.csproj]
C:\temp\MVP\documento-ia-clasificacion-mvp\src\backend\DocumentIA.Core\Services\BlobStorageService.cs(176,31): warning CS1998: This async method lacks 'await' operators and will run synchronously. Consider using the 'await' operator to await non-blocking API calls, or 'await Task.Run(...)' to do CPU-bound work on a background thread. [C:\temp\MVP\documento-ia-clasificacion-mvp\src\backend\DocumentIA.Core\DocumentIA.Core.csproj]
  DocumentIA.Plugins -> C:\temp\MVP\documento-ia-clasificacion-mvp\src\backend\DocumentIA.Plugins\bin\Debug\net8.0\DocumentIA.Plugins.dll
  DocumentIA.Core -> C:\temp\MVP\documento-ia-clasificacion-mvp\src\backend\DocumentIA.Core\bin\Debug\net8.0\DocumentIA.Core.dll
C:\temp\MVP\documento-ia-clasificacion-mvp\src\frontend\DocumentIA.Admin\Components\Pages\TipologiaEdit.razor(27,92): error CS1012: Demasiados caracteres en literal de car├ícter [C:\temp\MVP\documento-ia-clasificacion-mvp\src\frontend\DocumentIA.Admin\DocumentIA.Admin.csproj]
C:\temp\MVP\documento-ia-clasificacion-mvp\src\frontend\DocumentIA.Admin\Components\Pages\TipologiaEdit.razor(30,92): error CS1012: Demasiados caracteres en literal de car├ícter [C:\temp\MVP\documento-ia-clasificacion-mvp\src\frontend\DocumentIA.Admin\DocumentIA.Admin.csproj]
C:\temp\MVP\documento-ia-clasificacion-mvp\src\frontend\DocumentIA.Admin\Components\Pages\TipologiaEdit.razor(33,92): error CS1012: Demasiados caracteres en literal de car├ícter [C:\temp\MVP\documento-ia-clasificacion-mvp\src\frontend\DocumentIA.Admin\DocumentIA.Admin.csproj]
C:\temp\MVP\documento-ia-clasificacion-mvp\src\frontend\DocumentIA.Admin\Components\Pages\TipologiaEdit.razor(281,9): warning CS0618: 'TipologiaValidationConfig.SkipGDCUpload' est├í obsoleto: 'Use Gdc.SkipUpload' [C:\temp\MVP\documento-ia-clasificacion-mvp\src\frontend\DocumentIA.Admin\DocumentIA.Admin.csproj]
C:\temp\MVP\documento-ia-clasificacion-mvp\src\frontend\DocumentIA.Admin\Components\Pages\TipologiaEdit.razor(282,9): warning CS0618: 'TipologiaValidationConfig.TipologiaMGDCMatricula' est├í obsoleto: 'Use Gdc.Matricula' [C:\temp\MVP\documento-ia-clasificacion-mvp\src\frontend\DocumentIA.Admin\DocumentIA.Admin.csproj]
C:\temp\MVP\documento-ia-clasificacion-mvp\src\frontend\DocumentIA.Admin\Components\Pages\TipologiaEdit.razor(283,9): warning CS0618: 'TipologiaValidationConfig.GdcTipoDocumento' est├í obsoleto: 'Use Gdc.TipoDocumento' [C:\temp\MVP\documento-ia-clasificacion-mvp\src\frontend\DocumentIA.Admin\DocumentIA.Admin.csproj]
C:\temp\MVP\documento-ia-clasificacion-mvp\src\frontend\DocumentIA.Admin\Components\Pages\TipologiaEdit.razor(284,9): warning CS0618: 'TipologiaValidationConfig.GdcSubtipoDocumento' est├í obsoleto: 'Use Gdc.SubtipoDocumento' [C:\temp\MVP\documento-ia-clasificacion-mvp\src\frontend\DocumentIA.Admin\DocumentIA.Admin.csproj]
C:\temp\MVP\documento-ia-clasificacion-mvp\src\frontend\DocumentIA.Admin\Components\Pages\TipologiaEdit.razor(285,9): warning CS0618: 'TipologiaValidationConfig.GdcSerie' est├í obsoleto: 'Use Gdc.Serie' [C:\temp\MVP\documento-ia-clasificacion-mvp\src\frontend\DocumentIA.Admin\DocumentIA.Admin.csproj]
C:\temp\MVP\documento-ia-clasificacion-mvp\src\frontend\DocumentIA.Admin\Components\Pages\TipologiaEdit.razor(286,9): warning CS0618: 'TipologiaValidationConfig.Tdn1' est├í obsoleto: 'Use Classification.Tdn1' [C:\temp\MVP\documento-ia-clasificacion-mvp\src\frontend\DocumentIA.Admin\DocumentIA.Admin.csproj]
C:\temp\MVP\documento-ia-clasificacion-mvp\src\frontend\DocumentIA.Admin\Components\Pages\TipologiaEdit.razor(287,9): warning CS0618: 'TipologiaValidationConfig.Tdn2' est├í obsoleto: 'Use Classification.Tdn2' [C:\temp\MVP\documento-ia-clasificacion-mvp\src\frontend\DocumentIA.Admin\DocumentIA.Admin.csproj]
C:\temp\MVP\documento-ia-clasificacion-mvp\src\frontend\DocumentIA.Admin\Components\Pages\TipologiaEdit.razor(288,9): warning CS0618: 'TipologiaValidationConfig.GptDescripcion' est├í obsoleto: 'Use Classification.GptDescripcion' [C:\temp\MVP\documento-ia-clasificacion-mvp\src\frontend\DocumentIA.Admin\DocumentIA.Admin.csproj]
C:\temp\MVP\documento-ia-clasificacion-mvp\src\frontend\DocumentIA.Admin\Services\TipologiaAdminService.cs(507,18): warning CS0618: 'TipologiaValidationConfig.SkipGDCUpload' est├í obsoleto: 'Use Gdc.SkipUpload' [C:\temp\MVP\documento-ia-clasificacion-mvp\src\frontend\DocumentIA.Admin\DocumentIA.Admin.csproj]
C:\temp\MVP\documento-ia-clasificacion-mvp\src\frontend\DocumentIA.Admin\Services\TipologiaAdminService.cs(509,47): warning CS0618: 'TipologiaValidationConfig.GdcTipoDocumento' est├í obsoleto: 'Use Gdc.TipoDocumento' [C:\temp\MVP\documento-ia-clasificacion-mvp\src\frontend\DocumentIA.Admin\DocumentIA.Admin.csproj]
C:\temp\MVP\documento-ia-clasificacion-mvp\src\frontend\DocumentIA.Admin\Services\TipologiaAdminService.cs(514,47): warning CS0618: 'TipologiaValidationConfig.GdcSerie' est├í obsoleto: 'Use Gdc.Serie' [C:\temp\MVP\documento-ia-clasificacion-mvp\src\frontend\DocumentIA.Admin\DocumentIA.Admin.csproj]
C:\temp\MVP\documento-ia-clasificacion-mvp\src\frontend\DocumentIA.Admin\Components\Pages\Tipologias.razor(65,21): warning CS0649: El campo 'Tipologias._message' nunca se asigna y siempre tendr├í el valor predeterminado null [C:\temp\MVP\documento-ia-clasificacion-mvp\src\frontend\DocumentIA.Admin\DocumentIA.Admin.csproj]
C:\temp\MVP\documento-ia-clasificacion-mvp\src\frontend\DocumentIA.Admin\Components\Pages\Tipologias.razor(64,18): warning CS0649: El campo 'Tipologias._error' nunca se asigna y siempre tendr├í el valor predeterminado false [C:\temp\MVP\documento-ia-clasificacion-mvp\src\frontend\DocumentIA.Admin\DocumentIA.Admin.csproj]

ERROR al compilar.

C:\temp\MVP\documento-ia-clasificacion-mvp\src\backend\DocumentIA.Data\Repositories\CatalogoTdnRepository.cs(26,17): warning CS8604: Posible argumento de referencia nulo para el par├ímetro "Descripcion" en "TdnCatalogItem.TdnCatalogItem(string Codigo, string Nombre, string Descripcion)". [C:\temp\MVP\documento-ia-clasificacion-mvp\src\backend\DocumentIA.Data\DocumentIA.Data.csproj]
C:\temp\MVP\documento-ia-clasificacion-mvp\src\backend\DocumentIA.Data\Repositories\CatalogoTdnRepository.cs(47,17): warning CS8604: Posible argumento de referencia nulo para el par├ímetro "Descripcion" en "TdnCatalogItem.TdnCatalogItem(string Codigo, string Nombre, string Descripcion)". [C:\temp\MVP\documento-ia-clasificacion-mvp\src\backend\DocumentIA.Data\DocumentIA.Data.csproj]
C:\temp\MVP\documento-ia-clasificacion-mvp\src\backend\DocumentIA.Core\Mappers\TipologiaMapper.cs(54,12): warning CS0618: 'TipologiaResponseDtoLegacy' est├í obsoleto: 'DEPRECATED: Use TipologiaResponseDto en su lugar. Legacy support solo en endpoints espec├¡ficos.' [C:\temp\MVP\documento-ia-clasificacion-mvp\src\backend\DocumentIA.Core\DocumentIA.Core.csproj]
C:\temp\MVP\documento-ia-clasificacion-mvp\src\backend\DocumentIA.Core\Mappers\TipologiaMapper.cs(64,16): warning CS0618: 'TipologiaResponseDtoLegacy' est├í obsoleto: 'DEPRECATED: Use TipologiaResponseDto en su lugar. Legacy support solo en endpoints espec├¡ficos.' [C:\temp\MVP\documento-ia-clasificacion-mvp\src\backend\DocumentIA.Core\DocumentIA.Core.csproj]
C:\temp\MVP\documento-ia-clasificacion-mvp\src\backend\DocumentIA.Core\Mappers\TipologiaMapper.cs(93,44): warning CS0618: 'TipologiaRequestDto.PromptGPT' est├í obsoleto: 'Incluir en ConfiguracionJson.PromptConfig' [C:\temp\MVP\documento-ia-clasificacion-mvp\src\backend\DocumentIA.Core\DocumentIA.Core.csproj]
C:\temp\MVP\documento-ia-clasificacion-mvp\src\backend\DocumentIA.Core\Mappers\TipologiaMapper.cs(94,44): warning CS0618: 'TipologiaRequestDto.ModeloClasificacionDI' est├í obsoleto: 'Incluir en ConfiguracionJson.Classification' [C:\temp\MVP\documento-ia-clasificacion-mvp\src\backend\DocumentIA.Core\DocumentIA.Core.csproj]
C:\temp\MVP\documento-ia-clasificacion-mvp\src\backend\DocumentIA.Core\Mappers\TipologiaMapper.cs(95,44): warning CS0618: 'TipologiaRequestDto.ModeloExtraccionDI' est├í obsoleto: 'Incluir en ConfiguracionJson.Extraction' [C:\temp\MVP\documento-ia-clasificacion-mvp\src\backend\DocumentIA.Core\DocumentIA.Core.csproj]
C:\temp\MVP\documento-ia-clasificacion-mvp\src\backend\DocumentIA.Core\Mappers\TipologiaMapper.cs(96,18): warning CS0618: 'TipologiaRequestDto.UmbralClasificacion' est├í obsoleto: 'Incluir en ConfiguracionJson.ClassificationPolicy' [C:\temp\MVP\documento-ia-clasificacion-mvp\src\backend\DocumentIA.Core\DocumentIA.Core.csproj]
C:\temp\MVP\documento-ia-clasificacion-mvp\src\backend\DocumentIA.Core\Mappers\TipologiaMapper.cs(96,58): warning CS0618: 'TipologiaRequestDto.UmbralClasificacion' est├í obsoleto: 'Incluir en ConfiguracionJson.ClassificationPolicy' [C:\temp\MVP\documento-ia-clasificacion-mvp\src\backend\DocumentIA.Core\DocumentIA.Core.csproj]
C:\temp\MVP\documento-ia-clasificacion-mvp\src\backend\DocumentIA.Core\Mappers\TipologiaMapper.cs(97,18): warning CS0618: 'TipologiaRequestDto.UmbralExtraccion' est├í obsoleto: 'Incluir en ConfiguracionJson.Extraction' [C:\temp\MVP\documento-ia-clasificacion-mvp\src\backend\DocumentIA.Core\DocumentIA.Core.csproj]
C:\temp\MVP\documento-ia-clasificacion-mvp\src\backend\DocumentIA.Core\Mappers\TipologiaMapper.cs(97,55): warning CS0618: 'TipologiaRequestDto.UmbralExtraccion' est├í obsoleto: 'Incluir en ConfiguracionJson.Extraction' [C:\temp\MVP\documento-ia-clasificacion-mvp\src\backend\DocumentIA.Core\DocumentIA.Core.csproj]
C:\temp\MVP\documento-ia-clasificacion-mvp\src\backend\DocumentIA.Core\Mappers\TipologiaMapper.cs(108,45): warning CS0618: 'TipologiaRequestDto.PromptGPT' est├í obsoleto: 'Incluir en ConfiguracionJson.PromptConfig' [C:\temp\MVP\documento-ia-clasificacion-mvp\src\backend\DocumentIA.Core\DocumentIA.Core.csproj]
C:\temp\MVP\documento-ia-clasificacion-mvp\src\backend\DocumentIA.Core\Mappers\TipologiaMapper.cs(109,45): warning CS0618: 'TipologiaRequestDto.ModeloClasificacionDI' est├í obsoleto: 'Incluir en ConfiguracionJson.Classification' [C:\temp\MVP\documento-ia-clasificacion-mvp\src\backend\DocumentIA.Core\DocumentIA.Core.csproj]
C:\temp\MVP\documento-ia-clasificacion-mvp\src\backend\DocumentIA.Core\Mappers\TipologiaMapper.cs(110,45): warning CS0618: 'TipologiaRequestDto.ModeloExtraccionDI' est├í obsoleto: 'Incluir en ConfiguracionJson.Extraction' [C:\temp\MVP\documento-ia-clasificacion-mvp\src\backend\DocumentIA.Core\DocumentIA.Core.csproj]
C:\temp\MVP\documento-ia-clasificacion-mvp\src\backend\DocumentIA.Core\Services\TipologiaConfigurationCache.cs(152,16): warning CS8619: La nulabilidad de los tipos de referencia en el valor de tipo "List<(TipologiaEntity Entity, TipologiaValidationConfig Config)>" no coincide con el tipo de destino "List<(TipologiaEntity Entity, TipologiaValidationConfig? Config)>". [C:\temp\MVP\documento-ia-clasificacion-mvp\src\backend\DocumentIA.Core\DocumentIA.Core.csproj]
C:\temp\MVP\documento-ia-clasificacion-mvp\src\backend\DocumentIA.Core\Configuration\TipologiaValidationConfig.cs(81,65): warning CS0618: 'TipologiaValidationConfig.SkipGDCUpload' est├í obsoleto: 'Use Gdc.SkipUpload' [C:\temp\MVP\documento-ia-clasificacion-mvp\src\backend\DocumentIA.Core\DocumentIA.Core.csproj]
C:\temp\MVP\documento-ia-clasificacion-mvp\src\backend\DocumentIA.Core\Configuration\TipologiaValidationConfig.cs(83,62): warning CS0618: 'TipologiaValidationConfig.TipologiaMGDCMatricula' est├í obsoleto: 'Use Gdc.Matricula' [C:\temp\MVP\documento-ia-clasificacion-mvp\src\backend\DocumentIA.Core\DocumentIA.Core.csproj]
C:\temp\MVP\documento-ia-clasificacion-mvp\src\backend\DocumentIA.Core\Configuration\TipologiaValidationConfig.cs(85,64): warning CS0618: 'TipologiaValidationConfig.GdcTipoDocumento' est├í obsoleto: 'Use Gdc.TipoDocumento' [C:\temp\MVP\documento-ia-clasificacion-mvp\src\backend\DocumentIA.Core\DocumentIA.Core.csproj]
C:\temp\MVP\documento-ia-clasificacion-mvp\src\backend\DocumentIA.Core\Configuration\TipologiaValidationConfig.cs(87,70): warning CS0618: 'TipologiaValidationConfig.GdcSubtipoDocumento' est├í obsoleto: 'Use Gdc.SubtipoDocumento' [C:\temp\MVP\documento-ia-clasificacion-mvp\src\backend\DocumentIA.Core\DocumentIA.Core.csproj]
C:\temp\MVP\documento-ia-clasificacion-mvp\src\backend\DocumentIA.Core\Configuration\TipologiaValidationConfig.cs(89,57): warning CS0618: 'TipologiaValidationConfig.GdcSerie' est├í obsoleto: 'Use Gdc.Serie' [C:\temp\MVP\documento-ia-clasificacion-mvp\src\backend\DocumentIA.Core\DocumentIA.Core.csproj]
C:\temp\MVP\documento-ia-clasificacion-mvp\src\backend\DocumentIA.Core\Configuration\TipologiaValidationConfig.cs(91,63): warning CS0618: 'TipologiaValidationConfig.Tdn1' est├í obsoleto: 'Use Classification.Tdn1' [C:\temp\MVP\documento-ia-clasificacion-mvp\src\backend\DocumentIA.Core\DocumentIA.Core.csproj]
C:\temp\MVP\documento-ia-clasificacion-mvp\src\backend\DocumentIA.Core\Configuration\TipologiaValidationConfig.cs(93,63): warning CS0618: 'TipologiaValidationConfig.Tdn2' est├í obsoleto: 'Use Classification.Tdn2' [C:\temp\MVP\documento-ia-clasificacion-mvp\src\backend\DocumentIA.Core\DocumentIA.Core.csproj]
C:\temp\MVP\documento-ia-clasificacion-mvp\src\backend\DocumentIA.Core\Configuration\TipologiaValidationConfig.cs(95,83): warning CS0618: 'TipologiaValidationConfig.GptDescripcion' est├í obsoleto: 'Use Classification.GptDescripcion' [C:\temp\MVP\documento-ia-clasificacion-mvp\src\backend\DocumentIA.Core\DocumentIA.Core.csproj]
C:\temp\MVP\documento-ia-clasificacion-mvp\src\backend\DocumentIA.Core\Services\BlobStorageService.cs(176,31): warning CS1998: This async method lacks 'await' operators and will run synchronously. Consider using the 'await' operator to await non-blocking API calls, or 'await Task.Run(...)' to do CPU-bound work on a background thread. [C:\temp\MVP\documento-ia-clasificacion-mvp\src\backend\DocumentIA.Core\DocumentIA.Core.csproj]
C:\temp\MVP\documento-ia-clasificacion-mvp\src\frontend\DocumentIA.Admin\Components\Pages\TipologiaEdit.razor(281,9): warning CS0618: 'TipologiaValidationConfig.SkipGDCUpload' est├í obsoleto: 'Use Gdc.SkipUpload' [C:\temp\MVP\documento-ia-clasificacion-mvp\src\frontend\DocumentIA.Admin\DocumentIA.Admin.csproj]
C:\temp\MVP\documento-ia-clasificacion-mvp\src\frontend\DocumentIA.Admin\Components\Pages\TipologiaEdit.razor(282,9): warning CS0618: 'TipologiaValidationConfig.TipologiaMGDCMatricula' est├í obsoleto: 'Use Gdc.Matricula' [C:\temp\MVP\documento-ia-clasificacion-mvp\src\frontend\DocumentIA.Admin\DocumentIA.Admin.csproj]
C:\temp\MVP\documento-ia-clasificacion-mvp\src\frontend\DocumentIA.Admin\Components\Pages\TipologiaEdit.razor(283,9): warning CS0618: 'TipologiaValidationConfig.GdcTipoDocumento' est├í obsoleto: 'Use Gdc.TipoDocumento' [C:\temp\MVP\documento-ia-clasificacion-mvp\src\frontend\DocumentIA.Admin\DocumentIA.Admin.csproj]
C:\temp\MVP\documento-ia-clasificacion-mvp\src\frontend\DocumentIA.Admin\Components\Pages\TipologiaEdit.razor(284,9): warning CS0618: 'TipologiaValidationConfig.GdcSubtipoDocumento' est├í obsoleto: 'Use Gdc.SubtipoDocumento' [C:\temp\MVP\documento-ia-clasificacion-mvp\src\frontend\DocumentIA.Admin\DocumentIA.Admin.csproj]
C:\temp\MVP\documento-ia-clasificacion-mvp\src\frontend\DocumentIA.Admin\Components\Pages\TipologiaEdit.razor(285,9): warning CS0618: 'TipologiaValidationConfig.GdcSerie' est├í obsoleto: 'Use Gdc.Serie' [C:\temp\MVP\documento-ia-clasificacion-mvp\src\frontend\DocumentIA.Admin\DocumentIA.Admin.csproj]
C:\temp\MVP\documento-ia-clasificacion-mvp\src\frontend\DocumentIA.Admin\Components\Pages\TipologiaEdit.razor(286,9): warning CS0618: 'TipologiaValidationConfig.Tdn1' est├í obsoleto: 'Use Classification.Tdn1' [C:\temp\MVP\documento-ia-clasificacion-mvp\src\frontend\DocumentIA.Admin\DocumentIA.Admin.csproj]
C:\temp\MVP\documento-ia-clasificacion-mvp\src\frontend\DocumentIA.Admin\Components\Pages\TipologiaEdit.razor(287,9): warning CS0618: 'TipologiaValidationConfig.Tdn2' est├í obsoleto: 'Use Classification.Tdn2' [C:\temp\MVP\documento-ia-clasificacion-mvp\src\frontend\DocumentIA.Admin\DocumentIA.Admin.csproj]
C:\temp\MVP\documento-ia-clasificacion-mvp\src\frontend\DocumentIA.Admin\Components\Pages\TipologiaEdit.razor(288,9): warning CS0618: 'TipologiaValidationConfig.GptDescripcion' est├í obsoleto: 'Use Classification.GptDescripcion' [C:\temp\MVP\documento-ia-clasificacion-mvp\src\frontend\DocumentIA.Admin\DocumentIA.Admin.csproj]
C:\temp\MVP\documento-ia-clasificacion-mvp\src\frontend\DocumentIA.Admin\Services\TipologiaAdminService.cs(507,18): warning CS0618: 'TipologiaValidationConfig.SkipGDCUpload' est├í obsoleto: 'Use Gdc.SkipUpload' [C:\temp\MVP\documento-ia-clasificacion-mvp\src\frontend\DocumentIA.Admin\DocumentIA.Admin.csproj]
C:\temp\MVP\documento-ia-clasificacion-mvp\src\frontend\DocumentIA.Admin\Services\TipologiaAdminService.cs(509,47): warning CS0618: 'TipologiaValidationConfig.GdcTipoDocumento' est├í obsoleto: 'Use Gdc.TipoDocumento' [C:\temp\MVP\documento-ia-clasificacion-mvp\src\frontend\DocumentIA.Admin\DocumentIA.Admin.csproj]
C:\temp\MVP\documento-ia-clasificacion-mvp\src\frontend\DocumentIA.Admin\Services\TipologiaAdminService.cs(514,47): warning CS0618: 'TipologiaValidationConfig.GdcSerie' est├í obsoleto: 'Use Gdc.Serie' [C:\temp\MVP\documento-ia-clasificacion-mvp\src\frontend\DocumentIA.Admin\DocumentIA.Admin.csproj]
C:\temp\MVP\documento-ia-clasificacion-mvp\src\frontend\DocumentIA.Admin\Components\Pages\Tipologias.razor(65,21): warning CS0649: El campo 'Tipologias._message' nunca se asigna y siempre tendr├í el valor predeterminado null [C:\temp\MVP\documento-ia-clasificacion-mvp\src\frontend\DocumentIA.Admin\DocumentIA.Admin.csproj]
C:\temp\MVP\documento-ia-clasificacion-mvp\src\frontend\DocumentIA.Admin\Components\Pages\Tipologias.razor(64,18): warning CS0649: El campo 'Tipologias._error' nunca se asigna y siempre tendr├í el valor predeterminado false [C:\temp\MVP\documento-ia-clasificacion-mvp\src\frontend\DocumentIA.Admin\DocumentIA.Admin.csproj]
C:\temp\MVP\documento-ia-clasificacion-mvp\src\frontend\DocumentIA.Admin\Components\Pages\TipologiaEdit.razor(27,92): error CS1012: Demasiados caracteres en literal de car├ícter [C:\temp\MVP\documento-ia-clasificacion-mvp\src\frontend\DocumentIA.Admin\DocumentIA.Admin.csproj]
C:\temp\MVP\documento-ia-clasificacion-mvp\src\frontend\DocumentIA.Admin\Components\Pages\TipologiaEdit.razor(30,92): error CS1012: Demasiados caracteres en literal de car├ícter [C:\temp\MVP\documento-ia-clasificacion-mvp\src\frontend\DocumentIA.Admin\DocumentIA.Admin.csproj]
C:\temp\MVP\documento-ia-clasificacion-mvp\src\frontend\DocumentIA.Admin\Components\Pages\TipologiaEdit.razor(33,92): error CS1012: Demasiados caracteres en literal de car├ícter [C:\temp\MVP\documento-ia-clasificacion-mvp\src\frontend\DocumentIA.Admin\DocumentIA.Admin.csproj]
    37 Advertencia(s)
    3 Errores

Tiempo transcurrido 00:00:05.84
